<?xml version="1.0" encoding="UTF-8"?>
<testsuite xmlns:xsi="http://www.w3.org/2001/XMLSchema-instance" xsi:noNamespaceSchemaLocation="https://maven.apache.org/surefire/maven-surefire-plugin/xsd/surefire-test-report.xsd" name="salehqaseerH3.ServicesTest" time="2.578" tests="8" errors="0" skipped="0" failures="0">
  <properties>
[...]
</properties>
  <testcase name="boundary13Test" classname="salehqaseerH3.ServicesTest" time="0.165"/>
  <testcase name="under13Test" classname="salehqaseerH3.ServicesTest" time="0"/>
  <testcase name="under17Test" classname="salehqaseerH3.ServicesTest" time="0.001"/>
  <testcase name="boundaryAbove17Test" classname="salehqaseerH3.ServicesTest" time="0.001"/>
  <testcase name="userserviceUnavailable" classname="salehqaseerH3.ServicesTest" time="0.034"/>
  <testcase name="userserviceNotResponding" classname="salehqaseerH3.ServicesTest" time="1.006"/>
  <testcase name="above17Test" classname="salehqaseerH3.ServicesTest" time="0"/>
  <testcase name="userserviceNotResponding2" classname="salehqaseerH3.ServicesTest" time="1.009"/>
</testsuite>